<?xml version="1.0" encoding="UTF-8"?>
<!-- Generated by org.testng.reporters.JUnitReportReporter -->
<testsuite hostname="LAPTOP-QSM9Q8EB" failures="0" tests="1" name="sudheer.Movetoelement" time="22.987" errors="0" timestamp="2022-06-26T19:20:43 IST" skipped="0">
  <testcase classname="sudheer.Movetoelement" name="movetoelement" time="22.987"/>
  <system-out/>
</testsuite> <!-- sudheer.Movetoelement -->
